<?xml version="1.0" encoding="UTF-8"?><testsuite errors="1" failures="0" name="com.zuhlke.predictions.usermanagement.SignUpTest" skipped="0" tests="1" time="13.79" timestamp="2019-10-30 05:07:39"><testcase classname="com.zuhlke.predictions.usermanagement.SignUpTest" name="Sign up new user all fields entered correctly"><error message="The following error occurred: unknown error: cannot determine loading status&#10;from unknown error: cannot determine loading status&#10;from disconnected: received Inspector.detached event&#10;  (Session info: chrome=78.0.3904.70)&#10;Build info: version: '3.141.59', revision: 'e82be7d358', time: '2018-11-14T08:17:03'&#10;System info: host: 'Jesuss-MacBook-Pro.local', ip: 'fe80:0:0:0:1412:bd64:8e2a:1da%en0', os.name: 'Mac OS X', os.arch: 'x86_64', os.version: '10.14.5', java.version: '1.8.0_211'&#10;Driver info: org.openqa.selenium.remote.RemoteWebDriver&#10;Capabilities {acceptInsecureCerts: false, browserName: chrome, browserVersion: 78.0.3904.70, chrome: {chromedriverVersion: 78.0.3904.70 (edb9c9f3de024..., userDataDir: /var/folders/mb/m88sshws5mx...}, goog:chromeOptions: {debuggerAddress: localhost:50629}, javascriptEnabled: true, networkConnectionEnabled: false, pageLoadStrategy: normal, platform: MAC, platformName: MAC, proxy: Proxy(), setWindowRect: true, strictFileInteractability: false, timeouts: {implicit: 0, pageLoad: 300000, script: 30000}, unhandledPromptBehavior: dismiss and notify, webdriver.remote.sessionid: 58c4236bb9fc05e80e4ac835c46...}&#10;Session ID: 58c4236bb9fc05e80e4ac835c469406d" type="org.openqa.selenium.WebDriverException">The following error occurred: unknown error: cannot determine loading status
from unknown error: cannot determine loading status
from disconnected: received Inspector.detached event
  (Session info: chrome=78.0.3904.70)
Build info: version: '3.141.59', revision: 'e82be7d358', time: '2018-11-14T08:17:03'
System info: host: 'Jesuss-MacBook-Pro.local', ip: 'fe80:0:0:0:1412:bd64:8e2a:1da%en0', os.name: 'Mac OS X', os.arch: 'x86_64', os.version: '10.14.5', java.version: '1.8.0_211'
Driver info: org.openqa.selenium.remote.RemoteWebDriver
Capabilities {acceptInsecureCerts: false, browserName: chrome, browserVersion: 78.0.3904.70, chrome: {chromedriverVersion: 78.0.3904.70 (edb9c9f3de024..., userDataDir: /var/folders/mb/m88sshws5mx...}, goog:chromeOptions: {debuggerAddress: localhost:50629}, javascriptEnabled: true, networkConnectionEnabled: false, pageLoadStrategy: normal, platform: MAC, platformName: MAC, proxy: Proxy(), setWindowRect: true, strictFileInteractability: false, timeouts: {implicit: 0, pageLoad: 300000, script: 30000}, unhandledPromptBehavior: dismiss and notify, webdriver.remote.sessionid: 58c4236bb9fc05e80e4ac835c46...}
Session ID: 58c4236bb9fc05e80e4ac835c469406d</error><system-err>The following error occurred: unknown error: cannot determine loading status
from unknown error: cannot determine loading status
from disconnected: received Inspector.detached event
  (Session info: chrome=78.0.3904.70)
Build info: version: '3.141.59', revision: 'e82be7d358', time: '2018-11-14T08:17:03'
System info: host: 'Jesuss-MacBook-Pro.local', ip: 'fe80:0:0:0:1412:bd64:8e2a:1da%en0', os.name: 'Mac OS X', os.arch: 'x86_64', os.version: '10.14.5', java.version: '1.8.0_211'
Driver info: org.openqa.selenium.remote.RemoteWebDriver
Capabilities {acceptInsecureCerts: false, browserName: chrome, browserVersion: 78.0.3904.70, chrome: {chromedriverVersion: 78.0.3904.70 (edb9c9f3de024..., userDataDir: /var/folders/mb/m88sshws5mx...}, goog:chromeOptions: {debuggerAddress: localhost:50629}, javascriptEnabled: true, networkConnectionEnabled: false, pageLoadStrategy: normal, platform: MAC, platformName: MAC, proxy: Proxy(), setWindowRect: true, strictFileInteractability: false, timeouts: {implicit: 0, pageLoad: 300000, script: 30000}, unhandledPromptBehavior: dismiss and notify, webdriver.remote.sessionid: 58c4236bb9fc05e80e4ac835c46...}
Session ID: 58c4236bb9fc05e80e4ac835c469406d
com.zuhlke.predictions.common.steps.HomePageSteps.theUrl(HomePageSteps.java:27)
com.zuhlke.predictions.usermanagement.SignUpTest.signUpNewUserAllFieldsEnteredCorrectly(SignUpTest.java:26)
</system-err></testcase></testsuite>